[21:42:27.847] [INFO ] [ o.openframework.commons.neer.NeerApplication  55] Starting NeerApplication on PRAVEENPF1413R1 with PID 29384 (C:\Work\WS\WS_BOOT_NEER\open-parent\open-commons-neer\target\classes started by praveenm in C:\Work\WS\WS_BOOT_NEER\open-parent\open-commons-neer)
[21:42:27.848] [DEBUG] [ o.openframework.commons.neer.NeerApplication  56] Running with Spring Boot v2.3.3.RELEASE, Spring v5.2.8.RELEASE
[21:42:27.848] [INFO ] [ o.openframework.commons.neer.NeerApplication 655] The following profiles are active: master-data,dev,dev-jdbc,dev-email,dev-actuator,dev-ofds-security,dev-caching
[21:44:01.665] [INFO ] [ o.openframework.commons.neer.NeerApplication  55] Starting NeerApplication on PRAVEENPF1413R1 with PID 29688 (C:\Work\WS\WS_BOOT_NEER\open-parent\open-commons-neer\target\classes started by praveenm in C:\Work\WS\WS_BOOT_NEER\open-parent\open-commons-neer)
[21:44:01.666] [DEBUG] [ o.openframework.commons.neer.NeerApplication  56] Running with Spring Boot v2.3.3.RELEASE, Spring v5.2.8.RELEASE
[21:44:01.666] [INFO ] [ o.openframework.commons.neer.NeerApplication 655] The following profiles are active: master-data,dev,dev-jdbc,dev-email,dev-actuator,dev-ofds-security,dev-caching
[21:44:05.545] [WARN ] [o.o.c.c.service.as.impl.MessageResourceASImpl  66] sharedPath1 from environment variable: null
[21:44:05.546] [WARN ] [o.o.c.c.service.as.impl.MessageResourceASImpl  68] sharedPath1 from environment variable does not exists.
[21:44:05.546] [WARN ] [o.o.c.c.service.as.impl.MessageResourceASImpl  96] sharedPath2: null
[21:44:05.546] [WARN ] [o.o.c.c.service.as.impl.MessageResourceASImpl 125] messageDirFromClasspath: cmnMessage
[21:44:05.547] [DEBUG] [      o.o.commons.spring.utils.ClasspathUtils  25] resource: class path resource [cmnMessage]
[21:44:05.547] [WARN ] [o.o.c.c.service.as.impl.MessageResourceASImpl 109] resourcePath (message) from classpath: C:\Work\WS\WS_BOOT_NEER\open-parent\open-commons-neer\src\main\resources\env\dev\cmnMessage
[21:44:05.548] [WARN ] [o.o.c.c.service.as.impl.MessageResourceASImpl  79] messageDir: C:\Work\WS\WS_BOOT_NEER\open-parent\open-commons-neer\src\main\resources\env\dev\cmnMessage
[21:44:05.548] [WARN ] [o.o.c.c.service.as.impl.MessageResourceASImpl 168] messageDir::: C:\Work\WS\WS_BOOT_NEER\open-parent\open-commons-neer\src\main\resources\env\dev\cmnMessage
[21:44:05.558] [INFO ] [o.o.c.c.service.as.impl.MessageResourceASImpl 205] message resources initialization completed: {dashboard=MessageResourceLocale [propertiesMap={hi={header.profile=सेटिंग्स, header.profile.logout=लॉगआउट करें, header.profile.changepassword=पासवर्ड बदलें, header.app.name=बूटस्ट्रैप माइक्रो सेवा, header.language.choose=भाषा चुनें, header.home=घर, header.usermgmt=उपयोगकर्ता प्रबंधन, header.profile.myProfile=मेरी प्रोफाइल, login.button.login=लॉग इन करें, languageName=हिंदी}, test={breadcrumb.profile.distributionLists=Distribution Lists, copy.text=Copy to clipboard: Ctrl+C, Enter, breadcrumb.profile.detail=Detail, breadcrumb.assessment.autodiscovery.servers=Servers, header.home.title=@labels.header.home.title@, breadcrumb.assessment.externals=Externals, breadcrumb.profile.changePassword=Change Password, breadcrumb.assessment.credentials=Credentials, distributionList.growl.creation.error=Error during Distribution List creation, info=Info, breadcrumb.unauthorized=Unauthorized, breadcrumb.profile.distributionLists.assign=Assign Users, distributionList.modal.forced.message=The selected Distribution List is associated to {0} profiles of {1} organizations. Do you want to delete it anyway?, breadcrumb.assessment=Assessment, login.emailSent=An email with a temporary password was sent to your address, breadcrumb.profile.createGroup=Create Group, breadcrumb.profile=Profiles, login.exception.InsufficientAuthenticationException=Insufficient Credentials, breadcrumb.storage=Storage, login.button.signin=Sign in, breadcrumb.assessment.autodiscovery=AutoDiscovery, thisIs.a.message.in.file=message.properties, distributionList.growl.creation.success=Distribution List successfully created, breadcrumb.profile.organizations.modify=Modify, header.profile.logout=Logout, breadcrumb.home=Home, login.exception.UsernameNotFoundException=User not found, login.emailNotFound=Email not found, distributionList.growl.assign.success=Assignment done successfully, header.home.link=Home, breadcrumb.profile.modifyGroup=Modify Group, login.emailRequired=Email is required, growl.autodiscovery.validationError=Error. Fill all requested fields, login.exception.DisabledException=Error. Organization is not active, login.button.sendMail=Send Mail, breadcrumb.profile.profiles=Profiles, error=Error, languageName=Master Collection, login.exception.ProviderNotFoundException=Internal Error, please retry later, breadcrumb.image=Images, distributionList.growl.delete.success=Distribution List successfully deleted, distributionList.growl.assign.error=Error during assignment, header.language.label=English, login.emailNotValid=Email is not valid, breadcrumb.profile.organizations.create=Create, breadcrumb.profile.groups=Groups, header.profile.settings=Settings, breadcrumb.changePassword=Change Password, header.profile.groups=Group, login.exception.BadCredentialsException=Bad credentials, breadcrumb.assessment.scanHistory=Scan History, breadcrumb.detail=Detail, breadcrumb.profile.profiles.modify=Modify, login.exception.CredentialsExpiredException=User profile has expired, distributionList.modal.forced.title=Confirm deletion with users associated, login.field.email=Email, breadcrumb.assessment.scanHistory.detail=Detail, distributionList.growl.delete.error=Error during Distribution List deletion, header.placeholder.search=Search..., breadcrumb.profile.organizations=Organizations, breadcrumb.assessment.autodiscovery.report=Report, header.profile.myProfile=My Profile, breadcrumb.vm=Virtual Machines, breadcrumb.profile.createProfile=Create Profile, breadcrumb.detailDeployment=Deployment Detail}, en={header.profile=Settings, footer.copyright=Copyright, header.language.choose=Choose Language, login.button.login=Sign in, languageName=English, header.config.app=Manage Configurations, header.profile.logout=Logout, header.profile.changepassword=Change Password, header.app.name=Microservices App, header.profile.myProfile=My Profile, header.usermgmt=User Management, header.home=Home}, bn={header.profile=প্রোফাইলের, header.profile.logout=প্রস্থান, header.profile.changepassword=পাসওয়ার্ড পরিবর্তন করুন, header.app.name=বুটস্ট্র্যাপ মাইক্রো সেবা, header.language.choose=ভাষা নির্বাচন করুন, header.home=ঘর, header.usermgmt=ইউজার ম্যানেজমেন্ট, header.profile.myProfile=আমার প্রোফাইল, login.button.login=लॉग इन करें, languageName=বাঙালি}}], errors=MessageResourceLocale [propertiesMap={hi={Size=फ़ील्ड की लंबाई {0} और {1} अक्षर के बीच होनी चाहिए, auth.login.invalidCredentials=कृपया सही 'उपयोगकर्ता-नाम' और / या 'पासवर्ड' दर्ज करें।, NotNull=मान रिक्त नहीं हो सकता, auth.login.sessionExpired=सत्र समाप्त हुआ। कृपया उपयोगकर्ता नाम और पासवर्ड का उपयोग करके लॉगिन करें।}, test={global.Length.name=The length of Name should be between 5 and 50 characters long no locale, global.NotNull.name=This is from Master Collection, global.Length.description=The length of Description should be between 0 and 50 characters long no locale}, en={Length.description=The length of Description should be between 0 and 500 characters long: en, Length.firstName=The length should be between 1 and 50 characters., Length=The maximum length can be 50 characters., auth.login.invalidCredentials=Invalid Credentials. Please enter correct username and password., NotNull.firstName=Name property cannot be NULL: en, NotNull=value cannot be empty, auth.login.sessionExpired=Session Expired. Please login using username and password.}, bn={Size=ক্ষেত্রের দৈর্ঘ্য {0} এবং {1} অক্ষরের মধ্যে দীর্ঘ হওয়া উচিত, auth.login.invalidCredentials=অবৈধ ব্যবহারকারী নাম এবং পাসওয়ার্ড। সঠিক ব্যবহারকারীর নাম এবং পাসওয়ার্ড লিখুন দয়া করে।, NotNull=মান খালি হতে পারে না, auth.login.sessionExpired=সেশন শেষ হয়েছে। অনুগ্রহ করে ব্যবহারকারী নাম এবং পাসওয়ার্ড ব্যবহার করে লগইন করুন।}}]}
[21:44:05.559] [WARN ] [o.o.c.c.service.as.impl.MessageResourceASImpl  96] sharedPath2: null
[21:44:05.559] [WARN ] [o.o.c.c.service.as.impl.MessageResourceASImpl 139] configDirFromClasspath: cmnConfig
[21:44:05.559] [DEBUG] [      o.o.commons.spring.utils.ClasspathUtils  25] resource: class path resource [cmnConfig]
[21:44:05.560] [WARN ] [o.o.c.c.service.as.impl.MessageResourceASImpl 113] resourcePath (config) from classpath: C:\Work\WS\WS_BOOT_NEER\open-parent\open-commons-neer\src\main\resources\env\dev\cmnConfig
[21:44:05.567] [ERROR] [o.o.c.c.service.as.impl.MessageResourceASImpl 228] No properties of languages [] found for the type errors
[21:44:05.650] [INFO ] [         o.o.commons.aop.CommonsLoggingAspect 106] org.openframework.commons.config.GlobalConfigApp.localeResolver ...Returning --> org.springframework.web.servlet.i18n.CookieLocaleResolver@56c26b21
[21:44:05.650] [INFO ] [         o.o.commons.aop.CommonsLoggingAspect  92] org.openframework.commons.config.GlobalConfigApp.localeResolver ...Exit
[21:44:05.765] [INFO ] [         o.o.commons.spring.utils.LoggingBean  32] =================================================================
[21:44:05.982] [INFO ] [         o.o.commons.aop.CommonsLoggingAspect 106] org.openframework.commons.swagger.Swagger2UiConfiguration.api ...Returning --> springfox.documentation.spring.web.plugins.Docket@7955b4d4
[21:44:05.982] [INFO ] [         o.o.commons.aop.CommonsLoggingAspect  92] org.openframework.commons.swagger.Swagger2UiConfiguration.api ...Exit
[21:44:06.536] [INFO ] [         o.o.commons.aop.CommonsLoggingAspect 106] org.openframework.commons.config.GlobalConfigApp.localeChangeInterceptor ...Returning --> org.springframework.web.servlet.i18n.LocaleChangeInterceptor@33224703
[21:44:06.536] [INFO ] [         o.o.commons.aop.CommonsLoggingAspect  92] org.openframework.commons.config.GlobalConfigApp.localeChangeInterceptor ...Exit
[21:44:06.537] [INFO ] [         o.o.commons.aop.CommonsLoggingAspect  92] org.openframework.commons.config.GlobalConfigApp.addInterceptors ...Exit
[21:44:06.538] [INFO ] [         o.o.commons.aop.CommonsLoggingAspect  92] org.openframework.commons.ofds.OfdsApp.addInterceptors ...Exit
[21:44:06.605] [INFO ] [         o.o.commons.aop.CommonsLoggingAspect 106] org.openframework.commons.cache.props.CommonsCacheProperties.getCacheNames ...Returning --> [group1, group2]
[21:44:06.606] [INFO ] [         o.o.commons.aop.CommonsLoggingAspect  92] org.openframework.commons.cache.props.CommonsCacheProperties.getCacheNames ...Exit
[21:44:06.607] [INFO ] [         o.o.commons.aop.CommonsLoggingAspect 106] org.openframework.commons.cache.GlobalCacheApp.simpleCacheManager ...Returning --> org.springframework.cache.support.SimpleCacheManager@408573b1
[21:44:06.607] [INFO ] [         o.o.commons.aop.CommonsLoggingAspect  92] org.openframework.commons.cache.GlobalCacheApp.simpleCacheManager ...Exit
[21:44:06.608] [INFO ] [         o.o.commons.aop.CommonsLoggingAspect 106] org.openframework.commons.cache.props.CommonsCacheProperties.getCacheNames ...Returning --> [email-cache, group-cache]
[21:44:06.608] [INFO ] [         o.o.commons.aop.CommonsLoggingAspect  92] org.openframework.commons.cache.props.CommonsCacheProperties.getCacheNames ...Exit
[21:44:06.615] [INFO ] [         o.o.commons.aop.CommonsLoggingAspect 106] org.openframework.commons.cache.props.CommonsCacheProperties.getCacheConfig ...Returning --> org.openframework.commons.cache.props.CommonsCacheProperties$CacheConfig@148c571c
[21:44:06.615] [INFO ] [         o.o.commons.aop.CommonsLoggingAspect  92] org.openframework.commons.cache.props.CommonsCacheProperties.getCacheConfig ...Exit
[21:44:06.637] [INFO ] [         o.o.commons.aop.CommonsLoggingAspect 106] org.openframework.commons.cache.GlobalCacheApp.caffeineCacheManager ...Returning --> org.springframework.cache.caffeine.CaffeineCacheManager@38fc2c39
[21:44:06.637] [INFO ] [         o.o.commons.aop.CommonsLoggingAspect  92] org.openframework.commons.cache.GlobalCacheApp.caffeineCacheManager ...Exit
[21:44:07.173] [INFO ] [         o.o.commons.aop.CommonsLoggingAspect  92] org.openframework.commons.ofds.OfdsApp.addArgumentResolvers ...Exit
[21:44:07.323] [INFO ] [         o.o.commons.aop.CommonsLoggingAspect  92] org.openframework.commons.config.GlobalConfigApp.addResourceHandlers ...Exit
[21:44:07.324] [INFO ] [         o.o.commons.aop.CommonsLoggingAspect  92] org.openframework.commons.swagger.Swagger2UiConfiguration.addResourceHandlers ...Exit
[21:44:07.324] [INFO ] [         o.o.commons.aop.CommonsLoggingAspect  92] org.openframework.commons.ofds.OfdsApp.addResourceHandlers ...Exit
[21:44:07.448] [INFO ] [         o.o.commons.aop.CommonsLoggingAspect 106] org.openframework.commons.config.GlobalConfigApp.resourceBundleViewResolver ...Returning --> org.springframework.web.servlet.view.ResourceBundleViewResolver@13b409bb
[21:44:07.448] [INFO ] [         o.o.commons.aop.CommonsLoggingAspect  92] org.openframework.commons.config.GlobalConfigApp.resourceBundleViewResolver ...Exit
[21:44:07.538] [WARN ] [         o.o.commons.spring.utils.LoggingBean  74] The envTarget doesn't have an explicit value; default value is: local
[21:44:07.538] [INFO ] [         o.o.commons.spring.utils.LoggingBean  52] envTarget = local
[21:44:07.538] [INFO ] [         o.o.commons.spring.utils.LoggingBean  59] spring.profiles.active = dev
[21:44:07.539] [WARN ] [         o.o.commons.spring.utils.LoggingBean  74] The dbc.url doesn't have an explicit value; default value is: null
[21:44:07.539] [WARN ] [         o.o.commons.spring.utils.LoggingBean  81] The property = {} has NULL value
[21:44:07.539] [INFO ] [         o.o.commons.spring.utils.LoggingBean  66] dbc.url = null
[21:44:07.539] [INFO ] [         o.o.commons.spring.utils.LoggingBean  41] =================================================================
[21:44:08.133] [INFO ] [ o.openframework.commons.neer.NeerApplication  61] Started NeerApplication in 7.029 seconds (JVM running for 7.97)
[21:44:34.288] [INFO ] [         o.o.commons.aop.CommonsLoggingAspect 106] org.openframework.commons.config.service.as.impl.MessageResourceASImpl.getAppConfigsMap ...Returning --> {appinitialization={security.config=false, home.redirect.path=redirect:/ofds/index.html}, encryption-config={encryptionDecryptionAlgorithm=AES, secretKey=I am secret key, iv=pemgail9uzpgzl88, cipherTransformation=AES/CBC/PKCS5Padding, shaAlgorithm=SHA-256}, global-config={logs.lines.maxCount=100}, jdbc={jdbc.password=ofdspassword, c3p0.minPoolSize=5, c3p0.maxPoolSize=50, jdbc.username=ofdsuser, c3p0.initialPoolSize=5, c3p0.acquireIncrement=5, jdbc.driverClassName=com.mysql.jdbc.Driver, jdbc.url=jdbc:mysql://localhost:3306/ofdsdb, c3p0.idle_test_period=3600}, scheduler={quartz.corn.expression=0 */5 * * * ?}}
[21:44:34.290] [INFO ] [         o.o.commons.aop.CommonsLoggingAspect  92] org.openframework.commons.config.service.as.impl.MessageResourceASImpl.getAppConfigsMap ...Exit
[21:44:34.290] [INFO ] [         o.o.commons.aop.CommonsLoggingAspect 106] org.openframework.commons.config.service.impl.I18nServiceImpl.getAppConfigsMap ...Returning --> {appinitialization={security.config=false, home.redirect.path=redirect:/ofds/index.html}, encryption-config={encryptionDecryptionAlgorithm=AES, secretKey=I am secret key, iv=pemgail9uzpgzl88, cipherTransformation=AES/CBC/PKCS5Padding, shaAlgorithm=SHA-256}, global-config={logs.lines.maxCount=100}, jdbc={jdbc.password=ofdspassword, c3p0.minPoolSize=5, c3p0.maxPoolSize=50, jdbc.username=ofdsuser, c3p0.initialPoolSize=5, c3p0.acquireIncrement=5, jdbc.driverClassName=com.mysql.jdbc.Driver, jdbc.url=jdbc:mysql://localhost:3306/ofdsdb, c3p0.idle_test_period=3600}, scheduler={quartz.corn.expression=0 */5 * * * ?}}
[21:44:34.290] [INFO ] [         o.o.commons.aop.CommonsLoggingAspect  92] org.openframework.commons.config.service.impl.I18nServiceImpl.getAppConfigsMap ...Exit
[21:44:34.290] [DEBUG] [     o.o.c.ofds.controller.OfdsHomeController  34] redirectPath: redirect:/ofds/index.html
[21:44:34.291] [INFO ] [         o.o.commons.aop.CommonsLoggingAspect 106] org.openframework.commons.ofds.controller.OfdsHomeController.welcome ...Returning --> redirect:/ofds/index.html
[21:44:34.291] [INFO ] [         o.o.commons.aop.CommonsLoggingAspect  92] org.openframework.commons.ofds.controller.OfdsHomeController.welcome ...Exit
[21:46:31.805] [INFO ] [ o.openframework.commons.neer.NeerApplication  55] Starting NeerApplication on PRAVEENPF1413R1 with PID 16872 (C:\Work\WS\WS_BOOT_NEER\open-parent\open-commons-neer\target\classes started by praveenm in C:\Work\WS\WS_BOOT_NEER\open-parent\open-commons-neer)
[21:46:31.805] [DEBUG] [ o.openframework.commons.neer.NeerApplication  56] Running with Spring Boot v2.3.3.RELEASE, Spring v5.2.8.RELEASE
[21:46:31.805] [INFO ] [ o.openframework.commons.neer.NeerApplication 655] The following profiles are active: master-data,dev,dev-jdbc,dev-email,dev-actuator,dev-ofds-security,dev-caching
[21:46:35.746] [WARN ] [o.o.c.c.service.as.impl.MessageResourceASImpl  66] sharedPath1 from environment variable: null
[21:46:35.747] [WARN ] [o.o.c.c.service.as.impl.MessageResourceASImpl  68] sharedPath1 from environment variable does not exists.
[21:46:35.747] [WARN ] [o.o.c.c.service.as.impl.MessageResourceASImpl  96] sharedPath2: null
[21:46:35.747] [WARN ] [o.o.c.c.service.as.impl.MessageResourceASImpl 125] messageDirFromClasspath: cmnMessage
[21:46:35.748] [DEBUG] [      o.o.commons.spring.utils.ClasspathUtils  25] resource: class path resource [cmnMessage]
[21:46:35.748] [WARN ] [o.o.c.c.service.as.impl.MessageResourceASImpl 109] resourcePath (message) from classpath: C:\Work\WS\WS_BOOT_NEER\open-parent\open-commons-neer\src\main\resources\env\dev\cmnMessage
[21:46:35.748] [WARN ] [o.o.c.c.service.as.impl.MessageResourceASImpl  79] messageDir: C:\Work\WS\WS_BOOT_NEER\open-parent\open-commons-neer\src\main\resources\env\dev\cmnMessage
[21:46:35.749] [WARN ] [o.o.c.c.service.as.impl.MessageResourceASImpl 168] messageDir::: C:\Work\WS\WS_BOOT_NEER\open-parent\open-commons-neer\src\main\resources\env\dev\cmnMessage
[21:46:35.760] [INFO ] [o.o.c.c.service.as.impl.MessageResourceASImpl 205] message resources initialization completed: {dashboard=MessageResourceLocale [propertiesMap={hi={header.profile=सेटिंग्स, header.profile.logout=लॉगआउट करें, header.profile.changepassword=पासवर्ड बदलें, header.app.name=बूटस्ट्रैप माइक्रो सेवा, header.language.choose=भाषा चुनें, header.home=घर, header.usermgmt=उपयोगकर्ता प्रबंधन, header.profile.myProfile=मेरी प्रोफाइल, login.button.login=लॉग इन करें, languageName=हिंदी}, test={breadcrumb.profile.distributionLists=Distribution Lists, copy.text=Copy to clipboard: Ctrl+C, Enter, breadcrumb.profile.detail=Detail, breadcrumb.assessment.autodiscovery.servers=Servers, header.home.title=@labels.header.home.title@, breadcrumb.assessment.externals=Externals, breadcrumb.profile.changePassword=Change Password, breadcrumb.assessment.credentials=Credentials, distributionList.growl.creation.error=Error during Distribution List creation, info=Info, breadcrumb.unauthorized=Unauthorized, breadcrumb.profile.distributionLists.assign=Assign Users, distributionList.modal.forced.message=The selected Distribution List is associated to {0} profiles of {1} organizations. Do you want to delete it anyway?, breadcrumb.assessment=Assessment, login.emailSent=An email with a temporary password was sent to your address, breadcrumb.profile.createGroup=Create Group, breadcrumb.profile=Profiles, login.exception.InsufficientAuthenticationException=Insufficient Credentials, breadcrumb.storage=Storage, login.button.signin=Sign in, breadcrumb.assessment.autodiscovery=AutoDiscovery, thisIs.a.message.in.file=message.properties, distributionList.growl.creation.success=Distribution List successfully created, breadcrumb.profile.organizations.modify=Modify, header.profile.logout=Logout, breadcrumb.home=Home, login.exception.UsernameNotFoundException=User not found, login.emailNotFound=Email not found, distributionList.growl.assign.success=Assignment done successfully, header.home.link=Home, breadcrumb.profile.modifyGroup=Modify Group, login.emailRequired=Email is required, growl.autodiscovery.validationError=Error. Fill all requested fields, login.exception.DisabledException=Error. Organization is not active, login.button.sendMail=Send Mail, breadcrumb.profile.profiles=Profiles, error=Error, languageName=Master Collection, login.exception.ProviderNotFoundException=Internal Error, please retry later, breadcrumb.image=Images, distributionList.growl.delete.success=Distribution List successfully deleted, distributionList.growl.assign.error=Error during assignment, header.language.label=English, login.emailNotValid=Email is not valid, breadcrumb.profile.organizations.create=Create, breadcrumb.profile.groups=Groups, header.profile.settings=Settings, breadcrumb.changePassword=Change Password, header.profile.groups=Group, login.exception.BadCredentialsException=Bad credentials, breadcrumb.assessment.scanHistory=Scan History, breadcrumb.detail=Detail, breadcrumb.profile.profiles.modify=Modify, login.exception.CredentialsExpiredException=User profile has expired, distributionList.modal.forced.title=Confirm deletion with users associated, login.field.email=Email, breadcrumb.assessment.scanHistory.detail=Detail, distributionList.growl.delete.error=Error during Distribution List deletion, header.placeholder.search=Search..., breadcrumb.profile.organizations=Organizations, breadcrumb.assessment.autodiscovery.report=Report, header.profile.myProfile=My Profile, breadcrumb.vm=Virtual Machines, breadcrumb.profile.createProfile=Create Profile, breadcrumb.detailDeployment=Deployment Detail}, en={header.profile=Settings, footer.copyright=Copyright, header.language.choose=Choose Language, login.button.login=Sign in, languageName=English, header.config.app=Manage Configurations, header.profile.logout=Logout, header.profile.changepassword=Change Password, header.app.name=Microservices App, header.profile.myProfile=My Profile, header.usermgmt=User Management, header.home=Home}, bn={header.profile=প্রোফাইলের, header.profile.logout=প্রস্থান, header.profile.changepassword=পাসওয়ার্ড পরিবর্তন করুন, header.app.name=বুটস্ট্র্যাপ মাইক্রো সেবা, header.language.choose=ভাষা নির্বাচন করুন, header.home=ঘর, header.usermgmt=ইউজার ম্যানেজমেন্ট, header.profile.myProfile=আমার প্রোফাইল, login.button.login=लॉग इन करें, languageName=বাঙালি}}], errors=MessageResourceLocale [propertiesMap={hi={Size=फ़ील्ड की लंबाई {0} और {1} अक्षर के बीच होनी चाहिए, auth.login.invalidCredentials=कृपया सही 'उपयोगकर्ता-नाम' और / या 'पासवर्ड' दर्ज करें।, NotNull=मान रिक्त नहीं हो सकता, auth.login.sessionExpired=सत्र समाप्त हुआ। कृपया उपयोगकर्ता नाम और पासवर्ड का उपयोग करके लॉगिन करें।}, test={global.Length.name=The length of Name should be between 5 and 50 characters long no locale, global.NotNull.name=This is from Master Collection, global.Length.description=The length of Description should be between 0 and 50 characters long no locale}, en={Length.description=The length of Description should be between 0 and 500 characters long: en, Length.firstName=The length should be between 1 and 50 characters., Length=The maximum length can be 50 characters., auth.login.invalidCredentials=Invalid Credentials. Please enter correct username and password., NotNull.firstName=Name property cannot be NULL: en, NotNull=value cannot be empty, auth.login.sessionExpired=Session Expired. Please login using username and password.}, bn={Size=ক্ষেত্রের দৈর্ঘ্য {0} এবং {1} অক্ষরের মধ্যে দীর্ঘ হওয়া উচিত, auth.login.invalidCredentials=অবৈধ ব্যবহারকারী নাম এবং পাসওয়ার্ড। সঠিক ব্যবহারকারীর নাম এবং পাসওয়ার্ড লিখুন দয়া করে।, NotNull=মান খালি হতে পারে না, auth.login.sessionExpired=সেশন শেষ হয়েছে। অনুগ্রহ করে ব্যবহারকারী নাম এবং পাসওয়ার্ড ব্যবহার করে লগইন করুন।}}]}
[21:46:35.760] [WARN ] [o.o.c.c.service.as.impl.MessageResourceASImpl  96] sharedPath2: null
[21:46:35.761] [WARN ] [o.o.c.c.service.as.impl.MessageResourceASImpl 139] configDirFromClasspath: cmnConfig
[21:46:35.761] [DEBUG] [      o.o.commons.spring.utils.ClasspathUtils  25] resource: class path resource [cmnConfig]
[21:46:35.761] [WARN ] [o.o.c.c.service.as.impl.MessageResourceASImpl 113] resourcePath (config) from classpath: C:\Work\WS\WS_BOOT_NEER\open-parent\open-commons-neer\src\main\resources\env\dev\cmnConfig
[21:46:35.768] [ERROR] [o.o.c.c.service.as.impl.MessageResourceASImpl 228] No properties of languages [] found for the type errors
[21:46:35.851] [INFO ] [         o.o.commons.aop.CommonsLoggingAspect 106] org.openframework.commons.config.GlobalConfigApp.localeResolver ...Returning --> org.springframework.web.servlet.i18n.CookieLocaleResolver@242a3997
[21:46:35.851] [INFO ] [         o.o.commons.aop.CommonsLoggingAspect  92] org.openframework.commons.config.GlobalConfigApp.localeResolver ...Exit
[21:46:35.969] [INFO ] [         o.o.commons.spring.utils.LoggingBean  32] =================================================================
[21:46:36.203] [INFO ] [         o.o.commons.aop.CommonsLoggingAspect 106] org.openframework.commons.swagger.Swagger2UiConfiguration.api ...Returning --> springfox.documentation.spring.web.plugins.Docket@386b4f7e
[21:46:36.203] [INFO ] [         o.o.commons.aop.CommonsLoggingAspect  92] org.openframework.commons.swagger.Swagger2UiConfiguration.api ...Exit
[21:46:36.722] [INFO ] [         o.o.commons.aop.CommonsLoggingAspect 106] org.openframework.commons.config.GlobalConfigApp.localeChangeInterceptor ...Returning --> org.springframework.web.servlet.i18n.LocaleChangeInterceptor@62243a7a
[21:46:36.723] [INFO ] [         o.o.commons.aop.CommonsLoggingAspect  92] org.openframework.commons.config.GlobalConfigApp.localeChangeInterceptor ...Exit
[21:46:36.723] [INFO ] [         o.o.commons.aop.CommonsLoggingAspect  92] org.openframework.commons.config.GlobalConfigApp.addInterceptors ...Exit
[21:46:36.724] [INFO ] [         o.o.commons.aop.CommonsLoggingAspect  92] org.openframework.commons.ofds.OfdsApp.addInterceptors ...Exit
[21:46:36.784] [INFO ] [         o.o.commons.aop.CommonsLoggingAspect 106] org.openframework.commons.cache.props.CommonsCacheProperties.getCacheNames ...Returning --> [group1, group2]
[21:46:36.785] [INFO ] [         o.o.commons.aop.CommonsLoggingAspect  92] org.openframework.commons.cache.props.CommonsCacheProperties.getCacheNames ...Exit
[21:46:36.786] [INFO ] [         o.o.commons.aop.CommonsLoggingAspect 106] org.openframework.commons.cache.GlobalCacheApp.simpleCacheManager ...Returning --> org.springframework.cache.support.SimpleCacheManager@563bf9d2
[21:46:36.786] [INFO ] [         o.o.commons.aop.CommonsLoggingAspect  92] org.openframework.commons.cache.GlobalCacheApp.simpleCacheManager ...Exit
[21:46:36.787] [INFO ] [         o.o.commons.aop.CommonsLoggingAspect 106] org.openframework.commons.cache.props.CommonsCacheProperties.getCacheNames ...Returning --> [email-cache, group-cache]
[21:46:36.787] [INFO ] [         o.o.commons.aop.CommonsLoggingAspect  92] org.openframework.commons.cache.props.CommonsCacheProperties.getCacheNames ...Exit
[21:46:36.793] [INFO ] [         o.o.commons.aop.CommonsLoggingAspect 106] org.openframework.commons.cache.props.CommonsCacheProperties.getCacheConfig ...Returning --> org.openframework.commons.cache.props.CommonsCacheProperties$CacheConfig@353ac1ef
[21:46:36.793] [INFO ] [         o.o.commons.aop.CommonsLoggingAspect  92] org.openframework.commons.cache.props.CommonsCacheProperties.getCacheConfig ...Exit
[21:46:36.814] [INFO ] [         o.o.commons.aop.CommonsLoggingAspect 106] org.openframework.commons.cache.GlobalCacheApp.caffeineCacheManager ...Returning --> org.springframework.cache.caffeine.CaffeineCacheManager@51fadd20
[21:46:36.815] [INFO ] [         o.o.commons.aop.CommonsLoggingAspect  92] org.openframework.commons.cache.GlobalCacheApp.caffeineCacheManager ...Exit
[21:46:37.294] [INFO ] [         o.o.commons.aop.CommonsLoggingAspect  92] org.openframework.commons.ofds.OfdsApp.addArgumentResolvers ...Exit
[21:46:37.440] [INFO ] [         o.o.commons.aop.CommonsLoggingAspect  92] org.openframework.commons.config.GlobalConfigApp.addResourceHandlers ...Exit
[21:46:37.440] [INFO ] [         o.o.commons.aop.CommonsLoggingAspect  92] org.openframework.commons.swagger.Swagger2UiConfiguration.addResourceHandlers ...Exit
[21:46:37.440] [INFO ] [         o.o.commons.aop.CommonsLoggingAspect  92] org.openframework.commons.ofds.OfdsApp.addResourceHandlers ...Exit
[21:46:37.548] [INFO ] [         o.o.commons.aop.CommonsLoggingAspect 106] org.openframework.commons.config.GlobalConfigApp.resourceBundleViewResolver ...Returning --> org.springframework.web.servlet.view.ResourceBundleViewResolver@21f134a2
[21:46:37.548] [INFO ] [         o.o.commons.aop.CommonsLoggingAspect  92] org.openframework.commons.config.GlobalConfigApp.resourceBundleViewResolver ...Exit
[21:46:37.635] [WARN ] [         o.o.commons.spring.utils.LoggingBean  74] The envTarget doesn't have an explicit value; default value is: local
[21:46:37.635] [INFO ] [         o.o.commons.spring.utils.LoggingBean  52] envTarget = local
[21:46:37.635] [INFO ] [         o.o.commons.spring.utils.LoggingBean  59] spring.profiles.active = dev
[21:46:37.635] [WARN ] [         o.o.commons.spring.utils.LoggingBean  74] The dbc.url doesn't have an explicit value; default value is: null
[21:46:37.635] [WARN ] [         o.o.commons.spring.utils.LoggingBean  81] The property = {} has NULL value
[21:46:37.635] [INFO ] [         o.o.commons.spring.utils.LoggingBean  66] dbc.url = null
[21:46:37.635] [INFO ] [         o.o.commons.spring.utils.LoggingBean  41] =================================================================
[21:46:38.200] [INFO ] [ o.openframework.commons.neer.NeerApplication  61] Started NeerApplication in 6.957 seconds (JVM running for 7.875)
[21:46:51.240] [INFO ] [         o.o.commons.aop.CommonsLoggingAspect 106] org.openframework.commons.config.service.as.impl.MessageResourceASImpl.getAppConfigsMap ...Returning --> {appinitialization={security.config=false, home.redirect.path=redirect:/ofds/index.html}, encryption-config={encryptionDecryptionAlgorithm=AES, secretKey=I am secret key, iv=pemgail9uzpgzl88, cipherTransformation=AES/CBC/PKCS5Padding, shaAlgorithm=SHA-256}, global-config={logs.lines.maxCount=100}, jdbc={jdbc.password=ofdspassword, c3p0.minPoolSize=5, c3p0.maxPoolSize=50, jdbc.username=ofdsuser, c3p0.initialPoolSize=5, c3p0.acquireIncrement=5, jdbc.driverClassName=com.mysql.jdbc.Driver, jdbc.url=jdbc:mysql://localhost:3306/ofdsdb, c3p0.idle_test_period=3600}, scheduler={quartz.corn.expression=0 */5 * * * ?}}
[21:46:51.241] [INFO ] [         o.o.commons.aop.CommonsLoggingAspect  92] org.openframework.commons.config.service.as.impl.MessageResourceASImpl.getAppConfigsMap ...Exit
[21:46:51.241] [INFO ] [         o.o.commons.aop.CommonsLoggingAspect 106] org.openframework.commons.config.service.impl.I18nServiceImpl.getAppConfigsMap ...Returning --> {appinitialization={security.config=false, home.redirect.path=redirect:/ofds/index.html}, encryption-config={encryptionDecryptionAlgorithm=AES, secretKey=I am secret key, iv=pemgail9uzpgzl88, cipherTransformation=AES/CBC/PKCS5Padding, shaAlgorithm=SHA-256}, global-config={logs.lines.maxCount=100}, jdbc={jdbc.password=ofdspassword, c3p0.minPoolSize=5, c3p0.maxPoolSize=50, jdbc.username=ofdsuser, c3p0.initialPoolSize=5, c3p0.acquireIncrement=5, jdbc.driverClassName=com.mysql.jdbc.Driver, jdbc.url=jdbc:mysql://localhost:3306/ofdsdb, c3p0.idle_test_period=3600}, scheduler={quartz.corn.expression=0 */5 * * * ?}}
[21:46:51.242] [INFO ] [         o.o.commons.aop.CommonsLoggingAspect  92] org.openframework.commons.config.service.impl.I18nServiceImpl.getAppConfigsMap ...Exit
[21:46:51.242] [DEBUG] [     o.o.c.ofds.controller.OfdsHomeController  34] redirectPath: redirect:/ofds/index.html
[21:46:51.242] [INFO ] [         o.o.commons.aop.CommonsLoggingAspect 106] org.openframework.commons.ofds.controller.OfdsHomeController.welcome ...Returning --> redirect:/ofds/index.html
[21:46:51.242] [INFO ] [         o.o.commons.aop.CommonsLoggingAspect  92] org.openframework.commons.ofds.controller.OfdsHomeController.welcome ...Exit
[21:47:46.815] [INFO ] [         o.o.commons.aop.CommonsLoggingAspect 106] org.openframework.commons.config.service.as.impl.MessageResourceASImpl.getAppConfigsMap ...Returning --> {appinitialization={security.config=false, home.redirect.path=redirect:/ofds/index.html}, encryption-config={encryptionDecryptionAlgorithm=AES, secretKey=I am secret key, iv=pemgail9uzpgzl88, cipherTransformation=AES/CBC/PKCS5Padding, shaAlgorithm=SHA-256}, global-config={logs.lines.maxCount=100}, jdbc={jdbc.password=ofdspassword, c3p0.minPoolSize=5, c3p0.maxPoolSize=50, jdbc.username=ofdsuser, c3p0.initialPoolSize=5, c3p0.acquireIncrement=5, jdbc.driverClassName=com.mysql.jdbc.Driver, jdbc.url=jdbc:mysql://localhost:3306/ofdsdb, c3p0.idle_test_period=3600}, scheduler={quartz.corn.expression=0 */5 * * * ?}}
[21:47:46.820] [INFO ] [         o.o.commons.aop.CommonsLoggingAspect  92] org.openframework.commons.config.service.as.impl.MessageResourceASImpl.getAppConfigsMap ...Exit
[21:47:46.828] [INFO ] [         o.o.commons.aop.CommonsLoggingAspect 106] org.openframework.commons.config.service.impl.I18nServiceImpl.getAppConfigsMap ...Returning --> {appinitialization={security.config=false, home.redirect.path=redirect:/ofds/index.html}, encryption-config={encryptionDecryptionAlgorithm=AES, secretKey=I am secret key, iv=pemgail9uzpgzl88, cipherTransformation=AES/CBC/PKCS5Padding, shaAlgorithm=SHA-256}, global-config={logs.lines.maxCount=100}, jdbc={jdbc.password=ofdspassword, c3p0.minPoolSize=5, c3p0.maxPoolSize=50, jdbc.username=ofdsuser, c3p0.initialPoolSize=5, c3p0.acquireIncrement=5, jdbc.driverClassName=com.mysql.jdbc.Driver, jdbc.url=jdbc:mysql://localhost:3306/ofdsdb, c3p0.idle_test_period=3600}, scheduler={quartz.corn.expression=0 */5 * * * ?}}
[21:47:46.833] [INFO ] [         o.o.commons.aop.CommonsLoggingAspect  92] org.openframework.commons.config.service.impl.I18nServiceImpl.getAppConfigsMap ...Exit
[21:47:47.740] [DEBUG] [     o.o.c.ofds.controller.OfdsHomeController  34] redirectPath: redirect:/ofds/index.html
[21:47:59.601] [INFO ] [         o.o.commons.aop.CommonsLoggingAspect 106] org.openframework.commons.ofds.controller.OfdsHomeController.welcome ...Returning --> redirect:/ofds/index.html
[21:47:59.602] [INFO ] [         o.o.commons.aop.CommonsLoggingAspect  92] org.openframework.commons.ofds.controller.OfdsHomeController.welcome ...Exit
[21:50:59.467] [INFO ] [ o.openframework.commons.neer.NeerApplication  55] Starting NeerApplication on PRAVEENPF1413R1 with PID 14016 (C:\Work\WS\WS_BOOT_NEER\open-parent\open-commons-neer\target\classes started by praveenm in C:\Work\WS\WS_BOOT_NEER\open-parent\open-commons-neer)
[21:50:59.468] [DEBUG] [ o.openframework.commons.neer.NeerApplication  56] Running with Spring Boot v2.3.3.RELEASE, Spring v5.2.8.RELEASE
[21:50:59.468] [INFO ] [ o.openframework.commons.neer.NeerApplication 655] The following profiles are active: master-data,dev,dev-jdbc,dev-email,dev-actuator,dev-ofds-security,dev-caching
[21:51:03.353] [WARN ] [o.o.c.c.service.as.impl.MessageResourceASImpl  66] sharedPath1 from environment variable: null
[21:51:03.354] [WARN ] [o.o.c.c.service.as.impl.MessageResourceASImpl  68] sharedPath1 from environment variable does not exists.
[21:51:03.354] [WARN ] [o.o.c.c.service.as.impl.MessageResourceASImpl  96] sharedPath2: null
[21:51:03.354] [WARN ] [o.o.c.c.service.as.impl.MessageResourceASImpl 125] messageDirFromClasspath: cmnMessage
[21:51:03.355] [DEBUG] [      o.o.commons.spring.utils.ClasspathUtils  25] resource: class path resource [cmnMessage]
[21:51:03.355] [WARN ] [o.o.c.c.service.as.impl.MessageResourceASImpl 109] resourcePath (message) from classpath: C:\Work\WS\WS_BOOT_NEER\open-parent\open-commons-neer\src\main\resources\env\dev\cmnMessage
[21:51:03.355] [WARN ] [o.o.c.c.service.as.impl.MessageResourceASImpl  79] messageDir: C:\Work\WS\WS_BOOT_NEER\open-parent\open-commons-neer\src\main\resources\env\dev\cmnMessage
[21:51:03.355] [WARN ] [o.o.c.c.service.as.impl.MessageResourceASImpl 168] messageDir::: C:\Work\WS\WS_BOOT_NEER\open-parent\open-commons-neer\src\main\resources\env\dev\cmnMessage
[21:51:03.366] [INFO ] [o.o.c.c.service.as.impl.MessageResourceASImpl 205] message resources initialization completed: {dashboard=MessageResourceLocale [propertiesMap={hi={header.profile=सेटिंग्स, header.profile.logout=लॉगआउट करें, header.profile.changepassword=पासवर्ड बदलें, header.app.name=बूटस्ट्रैप माइक्रो सेवा, header.language.choose=भाषा चुनें, header.home=घर, header.usermgmt=उपयोगकर्ता प्रबंधन, header.profile.myProfile=मेरी प्रोफाइल, login.button.login=लॉग इन करें, languageName=हिंदी}, test={breadcrumb.profile.distributionLists=Distribution Lists, copy.text=Copy to clipboard: Ctrl+C, Enter, breadcrumb.profile.detail=Detail, breadcrumb.assessment.autodiscovery.servers=Servers, header.home.title=@labels.header.home.title@, breadcrumb.assessment.externals=Externals, breadcrumb.profile.changePassword=Change Password, breadcrumb.assessment.credentials=Credentials, distributionList.growl.creation.error=Error during Distribution List creation, info=Info, breadcrumb.unauthorized=Unauthorized, breadcrumb.profile.distributionLists.assign=Assign Users, distributionList.modal.forced.message=The selected Distribution List is associated to {0} profiles of {1} organizations. Do you want to delete it anyway?, breadcrumb.assessment=Assessment, login.emailSent=An email with a temporary password was sent to your address, breadcrumb.profile.createGroup=Create Group, breadcrumb.profile=Profiles, login.exception.InsufficientAuthenticationException=Insufficient Credentials, breadcrumb.storage=Storage, login.button.signin=Sign in, breadcrumb.assessment.autodiscovery=AutoDiscovery, thisIs.a.message.in.file=message.properties, distributionList.growl.creation.success=Distribution List successfully created, breadcrumb.profile.organizations.modify=Modify, header.profile.logout=Logout, breadcrumb.home=Home, login.exception.UsernameNotFoundException=User not found, login.emailNotFound=Email not found, distributionList.growl.assign.success=Assignment done successfully, header.home.link=Home, breadcrumb.profile.modifyGroup=Modify Group, login.emailRequired=Email is required, growl.autodiscovery.validationError=Error. Fill all requested fields, login.exception.DisabledException=Error. Organization is not active, login.button.sendMail=Send Mail, breadcrumb.profile.profiles=Profiles, error=Error, languageName=Master Collection, login.exception.ProviderNotFoundException=Internal Error, please retry later, breadcrumb.image=Images, distributionList.growl.delete.success=Distribution List successfully deleted, distributionList.growl.assign.error=Error during assignment, header.language.label=English, login.emailNotValid=Email is not valid, breadcrumb.profile.organizations.create=Create, breadcrumb.profile.groups=Groups, header.profile.settings=Settings, breadcrumb.changePassword=Change Password, header.profile.groups=Group, login.exception.BadCredentialsException=Bad credentials, breadcrumb.assessment.scanHistory=Scan History, breadcrumb.detail=Detail, breadcrumb.profile.profiles.modify=Modify, login.exception.CredentialsExpiredException=User profile has expired, distributionList.modal.forced.title=Confirm deletion with users associated, login.field.email=Email, breadcrumb.assessment.scanHistory.detail=Detail, distributionList.growl.delete.error=Error during Distribution List deletion, header.placeholder.search=Search..., breadcrumb.profile.organizations=Organizations, breadcrumb.assessment.autodiscovery.report=Report, header.profile.myProfile=My Profile, breadcrumb.vm=Virtual Machines, breadcrumb.profile.createProfile=Create Profile, breadcrumb.detailDeployment=Deployment Detail}, en={header.profile=Settings, footer.copyright=Copyright, header.language.choose=Choose Language, login.button.login=Sign in, languageName=English, header.config.app=Manage Configurations, header.profile.logout=Logout, header.profile.changepassword=Change Password, header.app.name=Microservices App, header.profile.myProfile=My Profile, header.usermgmt=User Management, header.home=Home}, bn={header.profile=প্রোফাইলের, header.profile.logout=প্রস্থান, header.profile.changepassword=পাসওয়ার্ড পরিবর্তন করুন, header.app.name=বুটস্ট্র্যাপ মাইক্রো সেবা, header.language.choose=ভাষা নির্বাচন করুন, header.home=ঘর, header.usermgmt=ইউজার ম্যানেজমেন্ট, header.profile.myProfile=আমার প্রোফাইল, login.button.login=लॉग इन करें, languageName=বাঙালি}}], errors=MessageResourceLocale [propertiesMap={hi={Size=फ़ील्ड की लंबाई {0} और {1} अक्षर के बीच होनी चाहिए, auth.login.invalidCredentials=कृपया सही 'उपयोगकर्ता-नाम' और / या 'पासवर्ड' दर्ज करें।, NotNull=मान रिक्त नहीं हो सकता, auth.login.sessionExpired=सत्र समाप्त हुआ। कृपया उपयोगकर्ता नाम और पासवर्ड का उपयोग करके लॉगिन करें।}, test={global.Length.name=The length of Name should be between 5 and 50 characters long no locale, global.NotNull.name=This is from Master Collection, global.Length.description=The length of Description should be between 0 and 50 characters long no locale}, en={Length.description=The length of Description should be between 0 and 500 characters long: en, Length.firstName=The length should be between 1 and 50 characters., Length=The maximum length can be 50 characters., auth.login.invalidCredentials=Invalid Credentials. Please enter correct username and password., NotNull.firstName=Name property cannot be NULL: en, NotNull=value cannot be empty, auth.login.sessionExpired=Session Expired. Please login using username and password.}, bn={Size=ক্ষেত্রের দৈর্ঘ্য {0} এবং {1} অক্ষরের মধ্যে দীর্ঘ হওয়া উচিত, auth.login.invalidCredentials=অবৈধ ব্যবহারকারী নাম এবং পাসওয়ার্ড। সঠিক ব্যবহারকারীর নাম এবং পাসওয়ার্ড লিখুন দয়া করে।, NotNull=মান খালি হতে পারে না, auth.login.sessionExpired=সেশন শেষ হয়েছে। অনুগ্রহ করে ব্যবহারকারী নাম এবং পাসওয়ার্ড ব্যবহার করে লগইন করুন।}}]}
[21:51:03.366] [WARN ] [o.o.c.c.service.as.impl.MessageResourceASImpl  96] sharedPath2: null
[21:51:03.367] [WARN ] [o.o.c.c.service.as.impl.MessageResourceASImpl 139] configDirFromClasspath: cmnConfig
[21:51:03.367] [DEBUG] [      o.o.commons.spring.utils.ClasspathUtils  25] resource: class path resource [cmnConfig]
[21:51:03.367] [WARN ] [o.o.c.c.service.as.impl.MessageResourceASImpl 113] resourcePath (config) from classpath: C:\Work\WS\WS_BOOT_NEER\open-parent\open-commons-neer\src\main\resources\env\dev\cmnConfig
[21:51:03.374] [ERROR] [o.o.c.c.service.as.impl.MessageResourceASImpl 228] No properties of languages [] found for the type errors
[21:51:03.456] [INFO ] [         o.o.commons.aop.CommonsLoggingAspect 106] org.openframework.commons.config.GlobalConfigApp.localeResolver ...Returning --> org.springframework.web.servlet.i18n.CookieLocaleResolver@2be83e7e
[21:51:03.457] [INFO ] [         o.o.commons.aop.CommonsLoggingAspect  92] org.openframework.commons.config.GlobalConfigApp.localeResolver ...Exit
[21:51:03.571] [INFO ] [         o.o.commons.spring.utils.LoggingBean  32] =================================================================
[21:51:03.789] [INFO ] [         o.o.commons.aop.CommonsLoggingAspect 106] org.openframework.commons.swagger.Swagger2UiConfiguration.api ...Returning --> springfox.documentation.spring.web.plugins.Docket@13482361
[21:51:03.789] [INFO ] [         o.o.commons.aop.CommonsLoggingAspect  92] org.openframework.commons.swagger.Swagger2UiConfiguration.api ...Exit
[21:51:04.320] [INFO ] [         o.o.commons.aop.CommonsLoggingAspect 106] org.openframework.commons.config.GlobalConfigApp.localeChangeInterceptor ...Returning --> org.springframework.web.servlet.i18n.LocaleChangeInterceptor@7b50e70a
[21:51:04.320] [INFO ] [         o.o.commons.aop.CommonsLoggingAspect  92] org.openframework.commons.config.GlobalConfigApp.localeChangeInterceptor ...Exit
[21:51:04.321] [INFO ] [         o.o.commons.aop.CommonsLoggingAspect  92] org.openframework.commons.config.GlobalConfigApp.addInterceptors ...Exit
[21:51:04.322] [INFO ] [         o.o.commons.aop.CommonsLoggingAspect  92] org.openframework.commons.ofds.OfdsApp.addInterceptors ...Exit
[21:51:04.386] [INFO ] [         o.o.commons.aop.CommonsLoggingAspect 106] org.openframework.commons.cache.props.CommonsCacheProperties.getCacheNames ...Returning --> [group1, group2]
[21:51:04.386] [INFO ] [         o.o.commons.aop.CommonsLoggingAspect  92] org.openframework.commons.cache.props.CommonsCacheProperties.getCacheNames ...Exit
[21:51:04.388] [INFO ] [         o.o.commons.aop.CommonsLoggingAspect 106] org.openframework.commons.cache.GlobalCacheApp.simpleCacheManager ...Returning --> org.springframework.cache.support.SimpleCacheManager@210e971e
[21:51:04.388] [INFO ] [         o.o.commons.aop.CommonsLoggingAspect  92] org.openframework.commons.cache.GlobalCacheApp.simpleCacheManager ...Exit
[21:51:04.389] [INFO ] [         o.o.commons.aop.CommonsLoggingAspect 106] org.openframework.commons.cache.props.CommonsCacheProperties.getCacheNames ...Returning --> [email-cache, group-cache]
[21:51:04.389] [INFO ] [         o.o.commons.aop.CommonsLoggingAspect  92] org.openframework.commons.cache.props.CommonsCacheProperties.getCacheNames ...Exit
[21:51:04.395] [INFO ] [         o.o.commons.aop.CommonsLoggingAspect 106] org.openframework.commons.cache.props.CommonsCacheProperties.getCacheConfig ...Returning --> org.openframework.commons.cache.props.CommonsCacheProperties$CacheConfig@3272c5b3
[21:51:04.396] [INFO ] [         o.o.commons.aop.CommonsLoggingAspect  92] org.openframework.commons.cache.props.CommonsCacheProperties.getCacheConfig ...Exit
[21:51:04.417] [INFO ] [         o.o.commons.aop.CommonsLoggingAspect 106] org.openframework.commons.cache.GlobalCacheApp.caffeineCacheManager ...Returning --> org.springframework.cache.caffeine.CaffeineCacheManager@66df2165
[21:51:04.418] [INFO ] [         o.o.commons.aop.CommonsLoggingAspect  92] org.openframework.commons.cache.GlobalCacheApp.caffeineCacheManager ...Exit
[21:51:04.905] [INFO ] [         o.o.commons.aop.CommonsLoggingAspect  92] org.openframework.commons.ofds.OfdsApp.addArgumentResolvers ...Exit
[21:51:05.052] [INFO ] [         o.o.commons.aop.CommonsLoggingAspect  92] org.openframework.commons.config.GlobalConfigApp.addResourceHandlers ...Exit
[21:51:05.052] [INFO ] [         o.o.commons.aop.CommonsLoggingAspect  92] org.openframework.commons.swagger.Swagger2UiConfiguration.addResourceHandlers ...Exit
[21:51:05.052] [INFO ] [         o.o.commons.aop.CommonsLoggingAspect  92] org.openframework.commons.ofds.OfdsApp.addResourceHandlers ...Exit
[21:51:05.170] [INFO ] [         o.o.commons.aop.CommonsLoggingAspect 106] org.openframework.commons.config.GlobalConfigApp.resourceBundleViewResolver ...Returning --> org.springframework.web.servlet.view.ResourceBundleViewResolver@1ba84d52
[21:51:05.170] [INFO ] [         o.o.commons.aop.CommonsLoggingAspect  92] org.openframework.commons.config.GlobalConfigApp.resourceBundleViewResolver ...Exit
[21:51:05.254] [WARN ] [         o.o.commons.spring.utils.LoggingBean  74] The envTarget doesn't have an explicit value; default value is: local
[21:51:05.254] [INFO ] [         o.o.commons.spring.utils.LoggingBean  52] envTarget = local
[21:51:05.254] [INFO ] [         o.o.commons.spring.utils.LoggingBean  59] spring.profiles.active = dev
[21:51:05.254] [WARN ] [         o.o.commons.spring.utils.LoggingBean  74] The dbc.url doesn't have an explicit value; default value is: null
[21:51:05.254] [WARN ] [         o.o.commons.spring.utils.LoggingBean  81] The property = {} has NULL value
[21:51:05.254] [INFO ] [         o.o.commons.spring.utils.LoggingBean  66] dbc.url = null
[21:51:05.254] [INFO ] [         o.o.commons.spring.utils.LoggingBean  41] =================================================================
[21:51:05.879] [INFO ] [ o.openframework.commons.neer.NeerApplication  61] Started NeerApplication in 6.975 seconds (JVM running for 7.917)
[21:51:11.023] [INFO ] [         o.o.commons.aop.CommonsLoggingAspect  92] org.openframework.commons.rest.advice.RestResponseEntityExceptionHandler.globalAttributes ...Exit
[21:51:11.023] [INFO ] [         o.o.commons.aop.CommonsLoggingAspect  92] org.openframework.commons.rest.advice.RestResponseEntityExceptionHandler.globalAttributes ...Exit
[21:51:11.027] [DEBUG] [ o.o.commons.config.controller.L10NController  45] Retrieve all available languages
[21:51:11.027] [DEBUG] [ o.o.c.r.a.RestResponseEntityExceptionHandler  81] RestResponseEntityExceptionHandler.dataBindingGlobal()
[21:51:11.028] [INFO ] [         o.o.commons.aop.CommonsLoggingAspect  92] org.openframework.commons.rest.advice.RestResponseEntityExceptionHandler.dataBindingGlobal ...Exit
[21:51:11.031] [INFO ] [         o.o.commons.aop.CommonsLoggingAspect 106] org.openframework.commons.config.service.as.impl.MessageResourceASImpl.getSupportedLanguages ...Returning --> [LanguageBean [name=বাঙালি, locale=bn, nameAsImg=false], LanguageBean [name=English, locale=en, nameAsImg=false], LanguageBean [name=हिंदी, locale=hi, nameAsImg=false], LanguageBean [name=Master Collection, locale=test, nameAsImg=false]]
[21:51:11.032] [INFO ] [         o.o.commons.aop.CommonsLoggingAspect  92] org.openframework.commons.config.service.as.impl.MessageResourceASImpl.getSupportedLanguages ...Exit
[21:51:11.032] [INFO ] [         o.o.commons.aop.CommonsLoggingAspect 106] org.openframework.commons.config.service.impl.I18nServiceImpl.retrieveSupportedLanguages ...Returning --> [LanguageBean [name=বাঙালি, locale=bn, nameAsImg=false], LanguageBean [name=English, locale=en, nameAsImg=false], LanguageBean [name=हिंदी, locale=hi, nameAsImg=false], LanguageBean [name=Master Collection, locale=test, nameAsImg=false]]
[21:51:11.032] [INFO ] [         o.o.commons.aop.CommonsLoggingAspect  92] org.openframework.commons.config.service.impl.I18nServiceImpl.retrieveSupportedLanguages ...Exit
[21:51:11.032] [INFO ] [         o.o.commons.aop.CommonsLoggingAspect 106] org.openframework.commons.config.controller.L10NController.getLanguages ...Returning --> [LanguageBean [name=हिंदी, locale=hi, nameAsImg=false], LanguageBean [name=Master Collection, locale=test, nameAsImg=false], LanguageBean [name=বাঙালি, locale=bn, nameAsImg=false], LanguageBean [name=English, locale=en, nameAsImg=false]]
[21:51:11.032] [INFO ] [         o.o.commons.aop.CommonsLoggingAspect  92] org.openframework.commons.config.controller.L10NController.getLanguages ...Exit
[21:51:11.036] [INFO ] [         o.o.commons.aop.CommonsLoggingAspect 106] org.openframework.commons.ofds.controller.argumentresolver.UserProfileHandlerMethodArgumentResolver.supportsParameter ...Returning --> false
[21:51:11.036] [INFO ] [         o.o.commons.aop.CommonsLoggingAspect  92] org.openframework.commons.ofds.controller.argumentresolver.UserProfileHandlerMethodArgumentResolver.supportsParameter ...Exit
[21:51:11.037] [DEBUG] [ o.o.c.r.a.RestResponseEntityExceptionHandler  81] RestResponseEntityExceptionHandler.dataBindingGlobal()
[21:51:11.037] [INFO ] [         o.o.commons.aop.CommonsLoggingAspect  92] org.openframework.commons.rest.advice.RestResponseEntityExceptionHandler.dataBindingGlobal ...Exit
[21:51:11.039] [INFO ] [         o.o.commons.aop.CommonsLoggingAspect 106] org.openframework.commons.config.service.as.impl.MessageResourceASImpl.getMessageResourceMap ...Returning --> {dashboard=MessageResourceLocale [propertiesMap={hi={header.profile=सेटिंग्स, header.profile.logout=लॉगआउट करें, header.profile.changepassword=पासवर्ड बदलें, header.app.name=बूटस्ट्रैप माइक्रो सेवा, header.language.choose=भाषा चुनें, header.home=घर, header.usermgmt=उपयोगकर्ता प्रबंधन, header.profile.myProfile=मेरी प्रोफाइल, login.button.login=लॉग इन करें, languageName=हिंदी}, test={breadcrumb.profile.distributionLists=Distribution Lists, copy.text=Copy to clipboard: Ctrl+C, Enter, breadcrumb.profile.detail=Detail, breadcrumb.assessment.autodiscovery.servers=Servers, header.home.title=@labels.header.home.title@, breadcrumb.assessment.externals=Externals, breadcrumb.profile.changePassword=Change Password, breadcrumb.assessment.credentials=Credentials, distributionList.growl.creation.error=Error during Distribution List creation, info=Info, breadcrumb.unauthorized=Unauthorized, breadcrumb.profile.distributionLists.assign=Assign Users, distributionList.modal.forced.message=The selected Distribution List is associated to {0} profiles of {1} organizations. Do you want to delete it anyway?, breadcrumb.assessment=Assessment, login.emailSent=An email with a temporary password was sent to your address, breadcrumb.profile.createGroup=Create Group, breadcrumb.profile=Profiles, login.exception.InsufficientAuthenticationException=Insufficient Credentials, breadcrumb.storage=Storage, login.button.signin=Sign in, breadcrumb.assessment.autodiscovery=AutoDiscovery, thisIs.a.message.in.file=message.properties, distributionList.growl.creation.success=Distribution List successfully created, breadcrumb.profile.organizations.modify=Modify, header.profile.logout=Logout, breadcrumb.home=Home, login.exception.UsernameNotFoundException=User not found, login.emailNotFound=Email not found, distributionList.growl.assign.success=Assignment done successfully, header.home.link=Home, breadcrumb.profile.modifyGroup=Modify Group, login.emailRequired=Email is required, growl.autodiscovery.validationError=Error. Fill all requested fields, login.exception.DisabledException=Error. Organization is not active, login.button.sendMail=Send Mail, breadcrumb.profile.profiles=Profiles, error=Error, languageName=Master Collection, login.exception.ProviderNotFoundException=Internal Error, please retry later, breadcrumb.image=Images, distributionList.growl.delete.success=Distribution List successfully deleted, distributionList.growl.assign.error=Error during assignment, header.language.label=English, login.emailNotValid=Email is not valid, breadcrumb.profile.organizations.create=Create, breadcrumb.profile.groups=Groups, header.profile.settings=Settings, breadcrumb.changePassword=Change Password, header.profile.groups=Group, login.exception.BadCredentialsException=Bad credentials, breadcrumb.assessment.scanHistory=Scan History, breadcrumb.detail=Detail, breadcrumb.profile.profiles.modify=Modify, login.exception.CredentialsExpiredException=User profile has expired, distributionList.modal.forced.title=Confirm deletion with users associated, login.field.email=Email, breadcrumb.assessment.scanHistory.detail=Detail, distributionList.growl.delete.error=Error during Distribution List deletion, header.placeholder.search=Search..., breadcrumb.profile.organizations=Organizations, breadcrumb.assessment.autodiscovery.report=Report, header.profile.myProfile=My Profile, breadcrumb.vm=Virtual Machines, breadcrumb.profile.createProfile=Create Profile, breadcrumb.detailDeployment=Deployment Detail}, en={header.profile=Settings, footer.copyright=Copyright, header.language.choose=Choose Language, login.button.login=Sign in, languageName=English, header.config.app=Manage Configurations, header.profile.logout=Logout, header.profile.changepassword=Change Password, header.app.name=Microservices App, header.profile.myProfile=My Profile, header.usermgmt=User Management, header.home=Home}, bn={header.profile=প্রোফাইলের, header.profile.logout=প্রস্থান, header.profile.changepassword=পাসওয়ার্ড পরিবর্তন করুন, header.app.name=বুটস্ট্র্যাপ মাইক্রো সেবা, header.language.choose=ভাষা নির্বাচন করুন, header.home=ঘর, header.usermgmt=ইউজার ম্যানেজমেন্ট, header.profile.myProfile=আমার প্রোফাইল, login.button.login=लॉग इन करें, languageName=বাঙালি}}], errors=MessageResourceLocale [propertiesMap={hi={Size=फ़ील्ड की लंबाई {0} और {1} अक्षर के बीच होनी चाहिए, auth.login.invalidCredentials=कृपया सही 'उपयोगकर्ता-नाम' और / या 'पासवर्ड' दर्ज करें।, NotNull=मान रिक्त नहीं हो सकता, auth.login.sessionExpired=सत्र समाप्त हुआ। कृपया उपयोगकर्ता नाम और पासवर्ड का उपयोग करके लॉगिन करें।}, test={global.Length.name=The length of Name should be between 5 and 50 characters long no locale, global.NotNull.name=This is from Master Collection, global.Length.description=The length of Description should be between 0 and 50 characters long no locale}, en={Length.description=The length of Description should be between 0 and 500 characters long: en, Length.firstName=The length should be between 1 and 50 characters., Length=The maximum length can be 50 characters., auth.login.invalidCredentials=Invalid Credentials. Please enter correct username and password., NotNull.firstName=Name property cannot be NULL: en, NotNull=value cannot be empty, auth.login.sessionExpired=Session Expired. Please login using username and password.}, bn={Size=ক্ষেত্রের দৈর্ঘ্য {0} এবং {1} অক্ষরের মধ্যে দীর্ঘ হওয়া উচিত, auth.login.invalidCredentials=অবৈধ ব্যবহারকারী নাম এবং পাসওয়ার্ড। সঠিক ব্যবহারকারীর নাম এবং পাসওয়ার্ড লিখুন দয়া করে।, NotNull=মান খালি হতে পারে না, auth.login.sessionExpired=সেশন শেষ হয়েছে। অনুগ্রহ করে ব্যবহারকারী নাম এবং পাসওয়ার্ড ব্যবহার করে লগইন করুন।}}]}
[21:51:11.040] [INFO ] [         o.o.commons.aop.CommonsLoggingAspect  92] org.openframework.commons.config.service.as.impl.MessageResourceASImpl.getMessageResourceMap ...Exit
[21:51:11.040] [INFO ] [         o.o.commons.aop.CommonsLoggingAspect 106] org.openframework.commons.config.service.impl.I18nServiceImpl.getMessageProperties ...Returning --> {header.profile=Settings, footer.copyright=Copyright, header.language.choose=Choose Language, login.button.login=Sign in, languageName=English, header.config.app=Manage Configurations, header.profile.logout=Logout, header.profile.changepassword=Change Password, header.app.name=Microservices App, header.profile.myProfile=My Profile, header.usermgmt=User Management, header.home=Home}
[21:51:11.040] [INFO ] [         o.o.commons.aop.CommonsLoggingAspect  92] org.openframework.commons.config.service.impl.I18nServiceImpl.getMessageProperties ...Exit
[21:51:11.040] [INFO ] [         o.o.commons.aop.CommonsLoggingAspect 106] org.openframework.commons.config.controller.L10NController.getMessagesByTypeAndLocale ...Returning --> {header.profile=Settings, footer.copyright=Copyright, header.language.choose=Choose Language, login.button.login=Sign in, languageName=English, header.config.app=Manage Configurations, header.profile.logout=Logout, header.profile.changepassword=Change Password, header.app.name=Microservices App, header.profile.myProfile=My Profile, header.usermgmt=User Management, header.home=Home}
[21:51:11.041] [INFO ] [         o.o.commons.aop.CommonsLoggingAspect  92] org.openframework.commons.config.controller.L10NController.getMessagesByTypeAndLocale ...Exit
[21:51:11.047] [INFO ] [         o.o.commons.aop.CommonsLoggingAspect 106] org.openframework.commons.rest.advice.RestResponseBodyAdvice.supports ...Returning --> true
[21:51:11.047] [INFO ] [         o.o.commons.aop.CommonsLoggingAspect 106] org.openframework.commons.rest.advice.RestResponseBodyAdvice.supports ...Returning --> true
[21:51:11.048] [INFO ] [         o.o.commons.aop.CommonsLoggingAspect  92] org.openframework.commons.rest.advice.RestResponseBodyAdvice.supports ...Exit
[21:51:11.048] [INFO ] [         o.o.commons.aop.CommonsLoggingAspect  92] org.openframework.commons.rest.advice.RestResponseBodyAdvice.supports ...Exit
[21:51:11.048] [INFO ] [     o.o.c.rest.advice.RestResponseBodyAdvice 113] body: {header.profile=Settings, footer.copyright=Copyright, header.language.choose=Choose Language, login.button.login=Sign in, languageName=English, header.config.app=Manage Configurations, header.profile.logout=Logout, header.profile.changepassword=Change Password, header.app.name=Microservices App, header.profile.myProfile=My Profile, header.usermgmt=User Management, header.home=Home}
[21:51:11.048] [INFO ] [     o.o.c.rest.advice.RestResponseBodyAdvice 113] body: [LanguageBean [name=हिंदी, locale=hi, nameAsImg=false], LanguageBean [name=Master Collection, locale=test, nameAsImg=false], LanguageBean [name=বাঙালি, locale=bn, nameAsImg=false], LanguageBean [name=English, locale=en, nameAsImg=false]]
[21:51:11.048] [INFO ] [         o.o.commons.aop.CommonsLoggingAspect 106] org.openframework.commons.rest.advice.RestResponseBodyAdvice.beforeBodyWrite ...Returning --> {header.profile=Settings, footer.copyright=Copyright, header.language.choose=Choose Language, login.button.login=Sign in, languageName=English, header.config.app=Manage Configurations, header.profile.logout=Logout, header.profile.changepassword=Change Password, header.app.name=Microservices App, header.profile.myProfile=My Profile, header.usermgmt=User Management, header.home=Home}
[21:51:11.048] [INFO ] [         o.o.commons.aop.CommonsLoggingAspect 106] org.openframework.commons.rest.advice.RestResponseBodyAdvice.beforeBodyWrite ...Returning --> [LanguageBean [name=हिंदी, locale=hi, nameAsImg=false], LanguageBean [name=Master Collection, locale=test, nameAsImg=false], LanguageBean [name=বাঙালি, locale=bn, nameAsImg=false], LanguageBean [name=English, locale=en, nameAsImg=false]]
[21:51:11.049] [INFO ] [         o.o.commons.aop.CommonsLoggingAspect  92] org.openframework.commons.rest.advice.RestResponseBodyAdvice.beforeBodyWrite ...Exit
[21:51:11.049] [INFO ] [         o.o.commons.aop.CommonsLoggingAspect  92] org.openframework.commons.rest.advice.RestResponseBodyAdvice.beforeBodyWrite ...Exit
[21:51:12.963] [INFO ] [         o.o.commons.aop.CommonsLoggingAspect 106] org.openframework.commons.ofds.props.MasterDataProps.toString ...Returning --> MasterDataProps[map=null]
[21:51:12.963] [INFO ] [         o.o.commons.aop.CommonsLoggingAspect  92] org.openframework.commons.ofds.props.MasterDataProps.toString ...Exit
[21:51:12.964] [DEBUG] [o.o.c.o.c.interceptor.OfdsSecurityInterceptor  64] Entered preHandle:: MasterDataProps[map=null]
[21:51:12.965] [DEBUG] [o.o.c.o.c.interceptor.OfdsSecurityInterceptor  70] Entered preHandle()
[21:51:12.966] [DEBUG] [o.o.c.o.c.interceptor.OfdsSecurityInterceptor  77] Request Path: /ofds/api/auth/login
[21:51:12.967] [DEBUG] [  org.openframework.commons.utils.CookieUtils  54] ContextPath: /neer
[21:51:12.967] [DEBUG] [  org.openframework.commons.utils.CookieUtils  55] PathInfo: null
[21:51:12.967] [DEBUG] [  org.openframework.commons.utils.CookieUtils  56] ServletPath: /ofds/api/auth/login
[21:51:12.967] [DEBUG] [  org.openframework.commons.utils.CookieUtils  57] RequestURI: /neer/ofds/api/auth/login
[21:51:12.967] [DEBUG] [  org.openframework.commons.utils.CookieUtils  58] RequestURL: http://localhost/neer/ofds/api/auth/login
[21:51:12.967] [DEBUG] [  org.openframework.commons.utils.CookieUtils  59] UserPrincipal: null
[21:51:12.969] [INFO ] [         o.o.commons.aop.CommonsLoggingAspect 106] org.openframework.commons.ofds.props.OfdsSecurityProps.getUnprotectedUrls ...Returning --> [/ofds/api/auth/login, /ofds/api/auth/logout, /api/l10n/languages, /api/l10n/switchLocale, /api/l10n/messages/dashboard, /ofds/secure, /error]
[21:51:12.969] [INFO ] [         o.o.commons.aop.CommonsLoggingAspect  92] org.openframework.commons.ofds.props.OfdsSecurityProps.getUnprotectedUrls ...Exit
[21:51:12.970] [INFO ] [         o.o.commons.aop.CommonsLoggingAspect 106] org.openframework.commons.ofds.controller.interceptor.OfdsSecurityInterceptor.preHandle ...Returning --> true
[21:51:12.970] [INFO ] [         o.o.commons.aop.CommonsLoggingAspect  92] org.openframework.commons.ofds.controller.interceptor.OfdsSecurityInterceptor.preHandle ...Exit
[21:51:12.970] [INFO ] [         o.o.commons.aop.CommonsLoggingAspect  92] org.openframework.commons.rest.advice.RestResponseEntityExceptionHandler.globalAttributes ...Exit
[21:51:12.996] [DEBUG] [ o.o.c.r.a.RestResponseEntityExceptionHandler  81] RestResponseEntityExceptionHandler.dataBindingGlobal()
[21:51:12.999] [INFO ] [         o.o.commons.aop.CommonsLoggingAspect  92] org.openframework.commons.rest.advice.RestResponseEntityExceptionHandler.dataBindingGlobal ...Exit
[21:51:13.001] [INFO ] [         o.o.commons.aop.CommonsLoggingAspect  92] org.openframework.commons.ofds.controller.AuthenticationController.dataBinding ...Exit
[21:51:13.032] [DEBUG] [  o.o.c.o.controller.AuthenticationController  56] Login Requested
[21:51:13.032] [INFO ] [         o.o.commons.aop.CommonsLoggingAspect 106] org.openframework.commons.ofds.props.MasterDataProps.toString ...Returning --> MasterDataProps[map=null]
[21:51:13.033] [INFO ] [         o.o.commons.aop.CommonsLoggingAspect  92] org.openframework.commons.ofds.props.MasterDataProps.toString ...Exit
[21:51:13.033] [INFO ] [         o.o.commons.aop.CommonsLoggingAspect 106] org.openframework.commons.ofds.props.OfdsSecurityProps.toString ...Returning --> EncryptionProps[encrypt={encryptionDecryptionAlgorithm=AES, secretKey=I am secret dev key, iv=pemgail9uzpgzl88, cipherTransformation=AES/CBC/PKCS5Padding, shaAlgorithm=SHA-256}]
[21:51:13.034] [INFO ] [         o.o.commons.aop.CommonsLoggingAspect  92] org.openframework.commons.ofds.props.OfdsSecurityProps.toString ...Exit
[21:51:13.036] [INFO ] [         o.o.commons.aop.CommonsLoggingAspect 106] org.openframework.commons.ofds.props.MasterDataProps.toString ...Returning --> MasterDataProps[map=null]
[21:51:13.036] [INFO ] [         o.o.commons.aop.CommonsLoggingAspect  92] org.openframework.commons.ofds.props.MasterDataProps.toString ...Exit
[21:51:13.036] [DEBUG] [  o.o.c.o.controller.AuthenticationController  59] MasterDataProps[map=null]
[21:51:13.036] [INFO ] [         o.o.commons.aop.CommonsLoggingAspect 106] org.openframework.commons.ofds.props.OfdsSecurityProps.toString ...Returning --> EncryptionProps[encrypt={encryptionDecryptionAlgorithm=AES, secretKey=I am secret dev key, iv=pemgail9uzpgzl88, cipherTransformation=AES/CBC/PKCS5Padding, shaAlgorithm=SHA-256}]
[21:51:13.037] [INFO ] [         o.o.commons.aop.CommonsLoggingAspect  92] org.openframework.commons.ofds.props.OfdsSecurityProps.toString ...Exit
[21:51:13.037] [DEBUG] [  o.o.c.o.controller.AuthenticationController  60] EncryptionProps[encrypt={encryptionDecryptionAlgorithm=AES, secretKey=I am secret dev key, iv=pemgail9uzpgzl88, cipherTransformation=AES/CBC/PKCS5Padding, shaAlgorithm=SHA-256}]
[21:51:13.042] [INFO ] [         o.o.commons.aop.CommonsLoggingAspect 106] org.openframework.commons.ofds.service.adaptor.UserAdaptor.fromVO ...Returning --> User[id=null]
[21:51:13.042] [INFO ] [         o.o.commons.aop.CommonsLoggingAspect  92] org.openframework.commons.ofds.service.adaptor.UserAdaptor.fromVO ...Exit
[21:51:13.094] [INFO ] [         o.o.commons.aop.CommonsLoggingAspect 106] org.openframework.commons.ofds.service.as.impl.UserASImpl.findUserByUsernameOrEmailOrMobile ...Returning --> User[id=1]
[21:51:13.094] [INFO ] [         o.o.commons.aop.CommonsLoggingAspect  92] org.openframework.commons.ofds.service.as.impl.UserASImpl.findUserByUsernameOrEmailOrMobile ...Exit
[21:51:13.095] [DEBUG] [ o.o.commons.ofds.service.adaptor.UserAdaptor  93] START:: 1
[21:51:13.118] [DEBUG] [ o.o.commons.ofds.service.adaptor.UserAdaptor 199] male
[21:51:13.118] [DEBUG] [ o.o.commons.ofds.service.adaptor.UserAdaptor 101] END:: 1
[21:51:13.123] [INFO ] [         o.o.commons.aop.CommonsLoggingAspect 106] org.openframework.commons.ofds.service.adaptor.UserAdaptor.toVO ...Returning --> UserVO[id=1, email=praveenatwork2018@gmail.com]
[21:51:13.123] [INFO ] [         o.o.commons.aop.CommonsLoggingAspect  92] org.openframework.commons.ofds.service.adaptor.UserAdaptor.toVO ...Exit
[21:51:13.139] [INFO ] [         o.o.commons.aop.CommonsLoggingAspect 106] org.openframework.commons.ofds.service.as.impl.FunctionASImpl.findFunctions ...Returning --> [Function[id=1], Function[id=2]]
[21:51:13.139] [INFO ] [         o.o.commons.aop.CommonsLoggingAspect  92] org.openframework.commons.ofds.service.as.impl.FunctionASImpl.findFunctions ...Exit
[21:51:13.139] [INFO ] [         o.o.commons.aop.CommonsLoggingAspect  92] org.openframework.commons.ofds.service.adaptor.UserAdaptor.populateUserAccess ...Exit
[21:51:13.155] [DEBUG] [       o.o.commons.ofds.utils.OfdsCookieUtils  30] getLoggedInUserCookieValue(): {"isValid":true,"createdBy":"admin","createdDate":"27-9-2020 03:56:46","id":1,"firstName":"Admin","username":"admin","gender":"male","email":"praveenatwork2018@gmail.com","status":"active","isSuperAdmin":true,"otherData":{"functionList":["FIND USERS","CREATE USERS"]}}
[21:51:13.158] [INFO ] [         o.o.commons.aop.CommonsLoggingAspect 106] org.openframework.commons.config.service.as.impl.MessageResourceASImpl.getAppConfigsMap ...Returning --> {appinitialization={security.config=false, home.redirect.path=redirect:/ofds/index.html}, encryption-config={encryptionDecryptionAlgorithm=AES, secretKey=I am secret key, iv=pemgail9uzpgzl88, cipherTransformation=AES/CBC/PKCS5Padding, shaAlgorithm=SHA-256}, global-config={logs.lines.maxCount=100}, jdbc={jdbc.password=ofdspassword, c3p0.minPoolSize=5, c3p0.maxPoolSize=50, jdbc.username=ofdsuser, c3p0.initialPoolSize=5, c3p0.acquireIncrement=5, jdbc.driverClassName=com.mysql.jdbc.Driver, jdbc.url=jdbc:mysql://localhost:3306/ofdsdb, c3p0.idle_test_period=3600}, scheduler={quartz.corn.expression=0 */5 * * * ?}}
[21:51:13.159] [INFO ] [         o.o.commons.aop.CommonsLoggingAspect  92] org.openframework.commons.config.service.as.impl.MessageResourceASImpl.getAppConfigsMap ...Exit
[21:51:13.190] [INFO ] [         o.o.commons.aop.CommonsLoggingAspect 106] org.openframework.commons.encrypt.EncryptionUtil.encrypt ...Returning --> AdUy7ikDE2Hli7SSeZ0Ou1urRoDqHGKDvd+g4KxcDkdIPkI9kzQqRkg7L2sDSGteSZrkiZJYDR++ltxISjyZDviaQ9j17XTGrerF+RuQKrprkU5YoQ8oJltXwUnxdKDymC2mVmW8BCr2Xx9Tw8jxRkQ+Pr9FjDuzn+/WSiX7wQKyeYsj/XnzUlL6xDV7EFsIVWjwEijmaKnoHhjPPYtGkYvyYMbvpwJ3D2K4KDgMxmqxuuecIgT21ZrtrIUIhGjBjk8/+6ciZ6WpegD5tsRdElJc+TEEC+uajhnZwBx+bcL8f3602EtTzK0WVXGXwnamvn9lzP9Yc6exc/HwqyjwMd71gKZ7GMVUViScmb/uH4U=
[21:51:13.191] [INFO ] [         o.o.commons.aop.CommonsLoggingAspect  92] org.openframework.commons.encrypt.EncryptionUtil.encrypt ...Exit
[21:51:13.194] [INFO ] [         o.o.commons.aop.CommonsLoggingAspect  92] org.openframework.commons.email.service.EmailService.init ...Exit
[21:51:13.195] [INFO ] [         o.o.commons.aop.CommonsLoggingAspect  92] org.openframework.commons.email.EmailApplication.execute ...Exit
[21:51:13.196] [INFO ] [         o.o.commons.aop.CommonsLoggingAspect 106] org.openframework.commons.ofds.service.bo.impl.AuthenticationServiceImpl.authenticateUser ...Returning --> {LOGIN_COOKIE_LIST=[javax.servlet.http.Cookie@3cf438ba, javax.servlet.http.Cookie@67e6afbe], USERVO=UserVO[id=1, email=praveenatwork2018@gmail.com]}
[21:51:13.196] [INFO ] [         o.o.commons.aop.CommonsLoggingAspect  92] org.openframework.commons.ofds.service.bo.impl.AuthenticationServiceImpl.authenticateUser ...Exit
[21:51:13.202] [INFO ] [         o.o.commons.aop.CommonsLoggingAspect 106] org.openframework.commons.ofds.controller.AuthenticationController.login ...Returning --> ResponseBean[responseTime=null, statusCode=201, data=UserVO[id=1, email=praveenatwork2018@gmail.com]]
[21:51:13.202] [INFO ] [         o.o.commons.aop.CommonsLoggingAspect  92] org.openframework.commons.ofds.controller.AuthenticationController.login ...Exit
[21:51:13.204] [INFO ] [         o.o.commons.aop.CommonsLoggingAspect 106] org.openframework.commons.rest.advice.RestResponseBodyAdvice.supports ...Returning --> true
[21:51:13.204] [INFO ] [         o.o.commons.aop.CommonsLoggingAspect  92] org.openframework.commons.rest.advice.RestResponseBodyAdvice.supports ...Exit
[21:51:13.205] [INFO ] [     o.o.c.rest.advice.RestResponseBodyAdvice 100] body: ResponseBean[responseTime=240, statusCode=201, data=UserVO[id=1, email=praveenatwork2018@gmail.com]]
[21:51:13.205] [INFO ] [         o.o.commons.aop.CommonsLoggingAspect 106] org.openframework.commons.rest.advice.RestResponseBodyAdvice.beforeBodyWrite ...Returning --> ResponseBean[responseTime=240, statusCode=201, data=UserVO[id=1, email=praveenatwork2018@gmail.com]]
[21:51:13.205] [INFO ] [         o.o.commons.aop.CommonsLoggingAspect  92] org.openframework.commons.rest.advice.RestResponseBodyAdvice.beforeBodyWrite ...Exit
[21:51:13.207] [DEBUG] [o.o.c.o.c.interceptor.OfdsSecurityInterceptor 127] Entered postHandle()
[21:51:13.208] [INFO ] [         o.o.commons.aop.CommonsLoggingAspect  92] org.openframework.commons.ofds.controller.interceptor.OfdsSecurityInterceptor.postHandle ...Exit
[21:51:13.209] [DEBUG] [o.o.c.o.c.interceptor.OfdsSecurityInterceptor 135] Entered afterCompletion()
[21:51:13.209] [INFO ] [         o.o.commons.aop.CommonsLoggingAspect  92] org.openframework.commons.ofds.controller.interceptor.OfdsSecurityInterceptor.afterCompletion ...Exit
[21:51:13.296] [INFO ] [         o.o.commons.aop.CommonsLoggingAspect 106] org.openframework.commons.email.util.EmailCacheManager.getEmailVO ...Returning --> EmailVO [fromAddress=noreply-etme@email.com, to=" + to + ", subject=Login Success Notification, body=Hi @firstName@,

This is to notify that you have successfully logged into the application using Web Browser.

Please do not reply to this email.
	]
[21:51:13.297] [INFO ] [         o.o.commons.aop.CommonsLoggingAspect  92] org.openframework.commons.email.util.EmailCacheManager.getEmailVO ...Exit
[21:51:13.299] [INFO ] [         o.o.commons.aop.CommonsLoggingAspect 106] org.openframework.commons.email.util.EmailUtils.getEmailVoFromTemplate ...Returning --> EmailVO [fromAddress=noreply-etme@email.com, to=" + to + ", subject=Login Success Notification, body=Hi @firstName@,

This is to notify that you have successfully logged into the application using Web Browser.

Please do not reply to this email.
	]
[21:51:13.299] [INFO ] [         o.o.commons.aop.CommonsLoggingAspect  92] org.openframework.commons.email.util.EmailUtils.getEmailVoFromTemplate ...Exit
[21:51:13.299] [DEBUG] [ o.o.commons.ofds.email.LoginEmailServiceImpl  55] Email template [email-login-success.xml] is disabled
[21:51:13.299] [INFO ] [         o.o.commons.aop.CommonsLoggingAspect  92] org.openframework.commons.email.service.EmailService.run ...Exit
[21:51:19.563] [INFO ] [         o.o.commons.aop.CommonsLoggingAspect 106] org.openframework.commons.ofds.props.MasterDataProps.toString ...Returning --> MasterDataProps[map=null]
[21:51:19.563] [INFO ] [         o.o.commons.aop.CommonsLoggingAspect  92] org.openframework.commons.ofds.props.MasterDataProps.toString ...Exit
[21:51:19.563] [DEBUG] [o.o.c.o.c.interceptor.OfdsSecurityInterceptor  64] Entered preHandle:: MasterDataProps[map=null]
[21:51:19.564] [DEBUG] [o.o.c.o.c.interceptor.OfdsSecurityInterceptor  70] Entered preHandle()
[21:51:19.564] [DEBUG] [o.o.c.o.c.interceptor.OfdsSecurityInterceptor  77] Request Path: /ofds/api/users/status/true
[21:51:19.564] [DEBUG] [  org.openframework.commons.utils.CookieUtils  54] ContextPath: /neer
[21:51:19.565] [DEBUG] [  org.openframework.commons.utils.CookieUtils  55] PathInfo: null
[21:51:19.565] [DEBUG] [  org.openframework.commons.utils.CookieUtils  56] ServletPath: /ofds/api/users/status/true
[21:51:19.565] [DEBUG] [  org.openframework.commons.utils.CookieUtils  57] RequestURI: /neer/ofds/api/users/status/true
[21:51:19.565] [DEBUG] [  org.openframework.commons.utils.CookieUtils  58] RequestURL: http://localhost/neer/ofds/api/users/status/true
[21:51:19.565] [DEBUG] [  org.openframework.commons.utils.CookieUtils  59] UserPrincipal: null
[21:51:19.565] [INFO ] [         o.o.commons.aop.CommonsLoggingAspect 106] org.openframework.commons.ofds.props.OfdsSecurityProps.getUnprotectedUrls ...Returning --> [/ofds/api/auth/login, /ofds/api/auth/logout, /api/l10n/languages, /api/l10n/switchLocale, /api/l10n/messages/dashboard, /ofds/secure, /error]
[21:51:19.565] [INFO ] [         o.o.commons.aop.CommonsLoggingAspect  92] org.openframework.commons.ofds.props.OfdsSecurityProps.getUnprotectedUrls ...Exit
[21:51:19.566] [INFO ] [         o.o.commons.aop.CommonsLoggingAspect 106] org.openframework.commons.ofds.props.OfdsSecurityProps.getUnprotectedUris ...Returning --> [/ofds/api/auth/*, /ofds/api/l10n/*, /ofds/secure/*, /webjars/*]
[21:51:19.566] [INFO ] [         o.o.commons.aop.CommonsLoggingAspect  92] org.openframework.commons.ofds.props.OfdsSecurityProps.getUnprotectedUris ...Exit
[21:51:19.566] [INFO ] [         o.o.commons.aop.CommonsLoggingAspect 106] org.openframework.commons.config.service.as.impl.MessageResourceASImpl.getAppConfigsMap ...Returning --> {appinitialization={security.config=false, home.redirect.path=redirect:/ofds/index.html}, encryption-config={encryptionDecryptionAlgorithm=AES, secretKey=I am secret key, iv=pemgail9uzpgzl88, cipherTransformation=AES/CBC/PKCS5Padding, shaAlgorithm=SHA-256}, global-config={logs.lines.maxCount=100}, jdbc={jdbc.password=ofdspassword, c3p0.minPoolSize=5, c3p0.maxPoolSize=50, jdbc.username=ofdsuser, c3p0.initialPoolSize=5, c3p0.acquireIncrement=5, jdbc.driverClassName=com.mysql.jdbc.Driver, jdbc.url=jdbc:mysql://localhost:3306/ofdsdb, c3p0.idle_test_period=3600}, scheduler={quartz.corn.expression=0 */5 * * * ?}}
[21:51:19.566] [INFO ] [         o.o.commons.aop.CommonsLoggingAspect  92] org.openframework.commons.config.service.as.impl.MessageResourceASImpl.getAppConfigsMap ...Exit
[21:51:19.568] [INFO ] [         o.o.commons.aop.CommonsLoggingAspect 106] org.openframework.commons.encrypt.EncryptionUtil.decrypt ...Returning --> {"isValid":true,"createdBy":"admin","createdDate":"27-9-2020 03:56:46","id":1,"firstName":"Admin","username":"admin","gender":"male","email":"praveenatwork2018@gmail.com","status":"active","isSuperAdmin":true,"otherData":{"functionList":["FIND USERS","CREATE USERS"]}}
[21:51:19.568] [INFO ] [         o.o.commons.aop.CommonsLoggingAspect  92] org.openframework.commons.encrypt.EncryptionUtil.decrypt ...Exit
[21:51:19.587] [INFO ] [         o.o.commons.aop.CommonsLoggingAspect 106] org.openframework.commons.ofds.controller.interceptor.OfdsSecurityInterceptor.preHandle ...Returning --> true
[21:51:19.587] [INFO ] [         o.o.commons.aop.CommonsLoggingAspect  92] org.openframework.commons.ofds.controller.interceptor.OfdsSecurityInterceptor.preHandle ...Exit
[21:51:19.588] [INFO ] [         o.o.commons.aop.CommonsLoggingAspect  92] org.openframework.commons.rest.advice.RestResponseEntityExceptionHandler.globalAttributes ...Exit
[21:51:19.588] [DEBUG] [ o.o.c.r.a.RestResponseEntityExceptionHandler  81] RestResponseEntityExceptionHandler.dataBindingGlobal()
[21:51:19.588] [INFO ] [         o.o.commons.aop.CommonsLoggingAspect  92] org.openframework.commons.rest.advice.RestResponseEntityExceptionHandler.dataBindingGlobal ...Exit
[21:51:19.590] [INFO ] [         o.o.commons.aop.CommonsLoggingAspect  92] org.openframework.commons.ofds.controller.UserController.dataBinding ...Exit
[21:51:19.590] [INFO ] [         o.o.commons.aop.CommonsLoggingAspect 106] org.openframework.commons.ofds.controller.argumentresolver.UserProfileHandlerMethodArgumentResolver.supportsParameter ...Returning --> false
[21:51:19.590] [INFO ] [         o.o.commons.aop.CommonsLoggingAspect  92] org.openframework.commons.ofds.controller.argumentresolver.UserProfileHandlerMethodArgumentResolver.supportsParameter ...Exit
[21:51:19.591] [DEBUG] [ o.o.c.r.a.RestResponseEntityExceptionHandler  81] RestResponseEntityExceptionHandler.dataBindingGlobal()
[21:51:19.591] [INFO ] [         o.o.commons.aop.CommonsLoggingAspect  92] org.openframework.commons.rest.advice.RestResponseEntityExceptionHandler.dataBindingGlobal ...Exit
[21:51:19.591] [INFO ] [         o.o.commons.aop.CommonsLoggingAspect  92] org.openframework.commons.ofds.controller.UserController.dataBinding ...Exit
[21:51:19.639] [INFO ] [         o.o.commons.aop.CommonsLoggingAspect 106] org.openframework.commons.ofds.service.as.impl.UserASImpl.findUsersByStatus ...Returning --> Page 1 of 1 containing org.openframework.commons.ofds.entity.User instances
[21:51:19.639] [INFO ] [         o.o.commons.aop.CommonsLoggingAspect  92] org.openframework.commons.ofds.service.as.impl.UserASImpl.findUsersByStatus ...Exit
[21:51:19.640] [DEBUG] [ o.o.commons.ofds.service.adaptor.UserAdaptor  93] START:: 1
[21:51:19.640] [DEBUG] [ o.o.commons.ofds.service.adaptor.UserAdaptor 199] male
[21:51:19.640] [DEBUG] [ o.o.commons.ofds.service.adaptor.UserAdaptor 101] END:: 1
[21:51:19.641] [INFO ] [         o.o.commons.aop.CommonsLoggingAspect 106] org.openframework.commons.ofds.service.adaptor.UserAdaptor.toPageList ...Returning --> org.openframework.commons.spring.PageList@53ceb15d
[21:51:19.641] [INFO ] [         o.o.commons.aop.CommonsLoggingAspect  92] org.openframework.commons.ofds.service.adaptor.UserAdaptor.toPageList ...Exit
[21:51:19.641] [INFO ] [         o.o.commons.aop.CommonsLoggingAspect 106] org.openframework.commons.ofds.service.bo.impl.UserServiceImpl.findUsersByStatus ...Returning --> org.openframework.commons.spring.PageList@53ceb15d
[21:51:19.641] [INFO ] [         o.o.commons.aop.CommonsLoggingAspect  92] org.openframework.commons.ofds.service.bo.impl.UserServiceImpl.findUsersByStatus ...Exit
[21:51:19.655] [INFO ] [         o.o.commons.aop.CommonsLoggingAspect 106] org.openframework.commons.ofds.controller.UserController.findUsersByStatus ...Returning --> org.openframework.commons.spring.PageList@53ceb15d
[21:51:19.655] [INFO ] [         o.o.commons.aop.CommonsLoggingAspect  92] org.openframework.commons.ofds.controller.UserController.findUsersByStatus ...Exit
[21:51:19.656] [INFO ] [         o.o.commons.aop.CommonsLoggingAspect 106] org.openframework.commons.rest.advice.RestResponseBodyAdvice.supports ...Returning --> true
[21:51:19.656] [INFO ] [         o.o.commons.aop.CommonsLoggingAspect  92] org.openframework.commons.rest.advice.RestResponseBodyAdvice.supports ...Exit
[21:51:19.656] [INFO ] [     o.o.c.rest.advice.RestResponseBodyAdvice  70] responseBean: ResponseBean[responseTime=92, statusCode=200, data=[UserVO[id=1, email=praveenatwork2018@gmail.com]]]
[21:51:19.657] [INFO ] [         o.o.commons.aop.CommonsLoggingAspect 106] org.openframework.commons.rest.advice.RestResponseBodyAdvice.beforeBodyWrite ...Returning --> ResponseBean[responseTime=92, statusCode=200, data=[UserVO[id=1, email=praveenatwork2018@gmail.com]]]
[21:51:19.657] [INFO ] [         o.o.commons.aop.CommonsLoggingAspect  92] org.openframework.commons.rest.advice.RestResponseBodyAdvice.beforeBodyWrite ...Exit
[21:51:19.659] [DEBUG] [o.o.c.o.c.interceptor.OfdsSecurityInterceptor 127] Entered postHandle()
[21:51:19.660] [INFO ] [         o.o.commons.aop.CommonsLoggingAspect  92] org.openframework.commons.ofds.controller.interceptor.OfdsSecurityInterceptor.postHandle ...Exit
[21:51:19.660] [DEBUG] [o.o.c.o.c.interceptor.OfdsSecurityInterceptor 135] Entered afterCompletion()
[21:51:19.661] [INFO ] [         o.o.commons.aop.CommonsLoggingAspect  92] org.openframework.commons.ofds.controller.interceptor.OfdsSecurityInterceptor.afterCompletion ...Exit
